2024-05-01 10:43:39.962 [main] ERROR org.example.Main - Connection failed. Error: com.microsoft.sqlserver.jdbc.SQLServerDriver
2024-05-01 10:45:17.301 [main] INFO  org.example.Main - Connected to the database.
2024-05-01 10:46:37.410 [main] INFO  org.example.dao.UserImp - Job Seeker Registered
2024-05-01 10:47:22.329 [main] INFO  org.example.dao.UserImp - User Logged In
2024-05-01 11:28:21.414 [main] ERROR org.example.Main - Connection failed. Error: com.microsoft.sqlserver.jdbc.SQLServerDriver
2024-05-01 11:28:38.356 [main] ERROR org.example.Main - Connection failed. Error: com.microsoft.sqlserver.jdbc.SQLServerDriver
2024-05-01 11:29:53.143 [main] INFO  org.example.Main - Connected to the database.
2024-05-01 15:00:47.794 [main] ERROR org.example.Main - Connection failed. Error: com.microsoft.sqlserver.jdbc.SQLServerDriver
2024-05-01 15:02:01.041 [main] INFO  org.example.Main - Connected to the database.
2024-05-01 15:09:37.794 [main] INFO  org.example.Main - Connected to the database.
2024-05-01 15:18:39.433 [main] INFO  org.example.Main - Connected to the database.
2024-05-01 15:21:51.502 [main] INFO  org.example.Main - Connected to the database.
2024-05-01 15:23:26.801 [main] INFO  org.example.Main - Connected to the database.
2024-05-01 16:03:16.578 [main] INFO  org.example.Main - Connected to the database.
2024-05-01 16:04:34.889 [main] INFO  org.example.Main - Connected to the database.
2024-05-01 19:26:40.958 [main] INFO  org.example.Main - Connected to the database.
2024-05-01 19:33:26.638 [main] INFO  org.example.Main - Connected to the database.
2024-05-01 19:34:16.797 [main] INFO  org.example.Main - Connected to the database.
2024-05-01 19:36:57.273 [main] INFO  org.example.Main - Connected to the database.
2024-05-01 19:46:12.463 [main] INFO  org.example.Main - Connected to the database.
2024-05-01 19:48:56.524 [main] INFO  org.example.Main - Connected to the database.
2024-05-01 19:49:14.087 [main] INFO  org.example.Main - Connected to the database.
2024-05-01 20:13:18.707 [main] INFO  org.example.Main - Connected to the database.
2024-05-01 20:14:02.012 [main] INFO  org.example.Main - Connected to the database.
2024-05-01 20:16:55.907 [main] INFO  org.example.Main - Connected to the database.
2024-05-01 20:17:07.338 [main] INFO  org.example.dao.UserImp - User Logged In
2024-05-01 20:30:19.755 [main] INFO  org.example.Main - Connected to the database.
2024-05-01 20:30:38.445 [main] INFO  org.example.dao.UserImp - User Logged In
2024-05-01 20:30:57.483 [main] INFO  org.example.dao.UserImp - Applied For The Job
2024-05-01 20:42:25.095 [main] INFO  org.example.Main - Connected to the database.
2024-05-01 20:42:28.786 [main] INFO  org.example.Main - Connected to the database.
2024-05-01 20:42:40.839 [main] WARN  org.example.dao.UserImp - Wrong Credentials
2024-05-01 20:42:46.216 [main] INFO  org.example.dao.UserImp - User Logged In
2024-05-01 20:45:15.050 [main] INFO  org.example.dao.UserImp - Applied For The Job
2024-05-01 20:45:32.492 [main] INFO  org.example.dao.UserImp - Withdrawn His Applications
2024-05-01 20:58:25.021 [main] INFO  org.example.Main - Connected to the database.
2024-05-01 20:58:32.673 [main] INFO  org.example.dao.UserImp - User Logged In
2024-05-01 20:58:54.309 [main] INFO  org.example.Main - Connected to the database.
2024-05-01 21:01:58.805 [main] INFO  org.example.Main - Connected to the database.
2024-05-01 21:02:07.643 [main] INFO  org.example.dao.UserImp - User Logged In
2024-05-02 07:16:16.021 [main] INFO  org.example.Main - Connected to the database.
2024-05-02 07:19:09.602 [main] INFO  org.example.Main - Connected to the database.
2024-05-02 07:19:19.679 [main] INFO  org.example.dao.UserImp - User Logged In
2024-05-02 07:56:42.408 [main] INFO  org.example.Main - Connected to the database.
2024-05-02 07:57:17.841 [main] INFO  org.example.dao.UserImp - Job Seeker Registered
2024-05-02 07:57:24.230 [main] WARN  org.example.dao.UserImp - Wrong Credentials
2024-05-02 07:57:36.177 [main] INFO  org.example.dao.UserImp - User Logged In
2024-05-02 07:58:04.428 [main] INFO  org.example.dao.UserImp - Applied For The Job
2024-05-02 08:18:41.197 [main] INFO  org.example.Main - Connected to the database.
2024-05-02 08:19:59.969 [main] INFO  org.example.Main - Connected to the database.
2024-05-02 08:20:59.236 [main] INFO  org.example.Main - Connected to the database.
2024-05-02 08:21:06.363 [main] INFO  org.example.dao.UserImp - User Logged In
2024-05-02 08:22:16.484 [main] INFO  org.example.Main - Connected to the database.
2024-05-02 08:23:50.537 [main] INFO  org.example.Main - Connected to the database.
2024-05-02 08:23:56.928 [main] INFO  org.example.dao.UserImp - User Logged In
2024-05-02 08:24:06.209 [main] INFO  org.example.dao.UserImp - Applied For The Job
2024-05-02 08:24:13.948 [main] INFO  org.example.Main - Connected to the database.
2024-05-02 08:24:44.020 [main] INFO  org.example.Main - Connected to the database.
2024-05-02 08:24:51.932 [main] INFO  org.example.dao.UserImp - User Logged In
2024-05-02 08:50:39.635 [main] INFO  org.example.Main - Connected to the database.
2024-05-02 08:53:00.292 [main] INFO  org.example.dao.UserImp - User Logged In
2024-05-02 08:53:16.978 [main] INFO  org.example.dao.UserImp - Withdrawn His Applications
2024-05-02 08:54:38.777 [main] INFO  org.example.Main - Connected to the database.
2024-05-02 08:56:06.794 [main] INFO  org.example.dao.UserImp - User Logged In
2024-05-02 08:56:14.122 [main] INFO  org.example.dao.UserImp - Withdrawn His Applications
2024-05-02 08:56:32.242 [main] INFO  org.example.Main - Connected to the database.
2024-05-03 22:03:45.896 [main] ERROR org.example.Main - Connection failed. Error: The TCP/IP connection to the host localhost, port 1433 has failed. Error: "Connection refused: no further information. Verify the connection properties. Make sure that an instance of SQL Server is running on the host and accepting TCP/IP connections at the port. Make sure that TCP connections to the port are not blocked by a firewall.".
2024-05-03 22:05:50.539 [main] ERROR org.example.Main - Connection failed. Error: The TCP/IP connection to the host localhost, port 1433 has failed. Error: "Connection refused: no further information. Verify the connection properties. Make sure that an instance of SQL Server is running on the host and accepting TCP/IP connections at the port. Make sure that TCP connections to the port are not blocked by a firewall.".
2024-05-03 22:13:10.984 [main] INFO  org.example.Main - Connected to the database.
